<?xml version="1.0" encoding="UTF-8"?>
<!-- Generated by org.testng.reporters.JUnitReportReporter -->
<testsuite hostname="SubratLaps" failures="0" tests="1" name="com.keyword.TestNG.TestNG" time="118.566" errors="0" timestamp="2020-04-23T11:47:31 IST" skipped="0">
  <testcase classname="com.keyword.TestNG.TestNG" name="AndhraBank" time="118.566"/>
  <system-out/>
</testsuite> <!-- com.keyword.TestNG.TestNG -->
