<?xml version="1.0" encoding="UTF-8"?>
<!-- Generated by org.testng.reporters.JUnitReportReporter -->
<testsuite hostname="SubratLaps" failures="0" tests="1" name="com.keyword.TestNG.TestNG" time="29.504" errors="0" timestamp="2020-04-20T18:02:01 IST" skipped="0">
  <testcase classname="com.keyword.TestNG.TestNG" name="AndhraBank" time="29.504"/>
  <system-out/>
</testsuite> <!-- com.keyword.TestNG.TestNG -->
